12:27:24 INFO  : Processing command line option -hwspec D:/STELIOS/COMES/Embedded_LAB/2015/EmbeddedLab_HW_2014_4/EmbeddedLab_HW_2014_4.sdk/Arty_BD_wrapper.hdf.
12:27:30 INFO  : Launching XSDB server: xsdb.bat -s D:/Xilinx/SDK/2014.4/scripts/xsdb/xsdb/xsdb-server.tcl 2450
12:30:11 INFO  : FPGA configured successfully with bitstream "D:/STELIOS/COMES/Embedded_LAB/2015/EmbeddedLab_HW_2014_4/EmbeddedLab_HW_2014_4.sdk/Arty_BD_wrapper_hw_platform_0/download.bit"
12:31:34 ERROR : Unexpected error while launching program.
java.lang.RuntimeException: Cannot perform the Debug Command, Current Processor State is "Running"

	at com.xilinx.sdk.targetmanager.internal.TM.downloadELF(TM.java:666)
	at com.xilinx.sdk.debug.core.internal.AppRunner.run(AppRunner.java:129)
	at com.xilinx.sdk.debug.core.XilinxAppLaunchConfigurationDelegate.runApplication(XilinxAppLaunchConfigurationDelegate.java:605)
	at com.xilinx.sdk.debug.core.XilinxAppLaunchConfigurationDelegate.launch(XilinxAppLaunchConfigurationDelegate.java:293)
	at com.xilinx.sdk.debug.ui.XilinxAppLaunchDelegateWrapper.launch(XilinxAppLaunchDelegateWrapper.java:31)
	at org.eclipse.debug.internal.core.LaunchConfiguration.launch(LaunchConfiguration.java:858)
	at org.eclipse.debug.internal.core.LaunchConfiguration.launch(LaunchConfiguration.java:707)
	at org.eclipse.debug.internal.ui.DebugUIPlugin.buildAndLaunch(DebugUIPlugin.java:1018)
	at org.eclipse.debug.internal.ui.DebugUIPlugin$8.run(DebugUIPlugin.java:1222)
	at org.eclipse.core.internal.jobs.Worker.run(Worker.java:53)
12:31:43 ERROR : Unexpected error while parsing XMD response ?: com.google.gson.JsonSyntaxException: com.google.gson.stream.MalformedJsonException: invalid number or unquoted string near 
12:32:21 INFO  : Launching XSDB server: xsdb.bat -s D:/Xilinx/SDK/2014.4/scripts/xsdb/xsdb/xsdb-server.tcl 2450
12:32:54 ERROR : Unexpected error while parsing XMD response ?: com.google.gson.JsonSyntaxException: com.google.gson.stream.MalformedJsonException: invalid number or unquoted string near 
12:33:07 INFO  : Launching XSDB server: xsdb.bat -s D:/Xilinx/SDK/2014.4/scripts/xsdb/xsdb/xsdb-server.tcl 2450
12:33:32 INFO  : FPGA configured successfully with bitstream "D:/STELIOS/COMES/Embedded_LAB/2015/EmbeddedLab_HW_2014_4/EmbeddedLab_HW_2014_4.sdk/Arty_BD_wrapper_hw_platform_0/download.bit"
12:36:09 INFO  : FPGA configured successfully with bitstream "D:/STELIOS/COMES/Embedded_LAB/2015/EmbeddedLab_HW_2014_4/EmbeddedLab_HW_2014_4.sdk/Arty_BD_wrapper_hw_platform_0/download.bit"
12:39:53 INFO  : FPGA configured successfully with bitstream "D:/STELIOS/COMES/Embedded_LAB/2015/EmbeddedLab_HW_2014_4/EmbeddedLab_HW_2014_4.sdk/Arty_BD_wrapper_hw_platform_0/download.bit"
13:07:58 ERROR : Unexpected error while parsing XMD response ?: com.google.gson.JsonSyntaxException: com.google.gson.stream.MalformedJsonException: invalid number or unquoted string near 
13:08:10 INFO  : Launching XSDB server: xsdb.bat -s D:/Xilinx/SDK/2014.4/scripts/xsdb/xsdb/xsdb-server.tcl 2450
16:59:19 INFO  : Launching XSDB server: xsdb.bat -s D:/Xilinx/SDK/2014.4/scripts/xsdb/xsdb/xsdb-server.tcl 2450
10:09:29 WARN  :  [Hsi 55-1559] Software Design already exists with Name D:\STELIOS\COMES\Embedded_LAB\2015\EmbeddedLab_HW_2014_4\EmbeddedLab_HW_2014_4.sdk\EmbeddedLab_SW_bsp\system.mss
10:09:29 WARN  :  [Hsi 55-1559] Software Design already exists with Name D:\STELIOS\COMES\Embedded_LAB\2015\EmbeddedLab_HW_2014_4\EmbeddedLab_HW_2014_4.sdk\EmbeddedLab_SW_bsp\system.mss
10:09:29 WARN  :  [Hsi 55-1559] Software Design already exists with Name D:\STELIOS\COMES\Embedded_LAB\2015\EmbeddedLab_HW_2014_4\EmbeddedLab_HW_2014_4.sdk\EmbeddedLab_SW_bsp\system.mss
 [Hsi 55-1559] Software Design already exists with Name D:\STELIOS\COMES\Embedded_LAB\2015\EmbeddedLab_HW_2014_4\EmbeddedLab_HW_2014_4.sdk\EmbeddedLab_SW_bsp\system.mss
10:09:29 WARN  :  [Hsi 55-1559] Software Design already exists with Name D:\STELIOS\COMES\Embedded_LAB\2015\EmbeddedLab_HW_2014_4\EmbeddedLab_HW_2014_4.sdk\EmbeddedLab_SW_bsp\system.mss
10:09:29 WARN  :  [Hsi 55-1559] Software Design already exists with Name D:\STELIOS\COMES\Embedded_LAB\2015\EmbeddedLab_HW_2014_4\EmbeddedLab_HW_2014_4.sdk\EmbeddedLab_SW_bsp\system.mss
10:09:29 WARN  :  [Hsi 55-1559] Software Design already exists with Name D:\STELIOS\COMES\Embedded_LAB\2015\EmbeddedLab_HW_2014_4\EmbeddedLab_HW_2014_4.sdk\EmbeddedLab_SW_bsp\system.mss
10:09:29 WARN  :  [Hsi 55-1559] Software Design already exists with Name D:\STELIOS\COMES\Embedded_LAB\2015\EmbeddedLab_HW_2014_4\EmbeddedLab_HW_2014_4.sdk\EmbeddedLab_SW_bsp\system.mss
10:09:29 WARN  :  [Hsi 55-1559] Software Design already exists with Name D:\STELIOS\COMES\Embedded_LAB\2015\EmbeddedLab_HW_2014_4\EmbeddedLab_HW_2014_4.sdk\EmbeddedLab_SW_bsp\system.mss
10:09:29 WARN  :  [Hsi 55-1559] Software Design already exists with Name D:\STELIOS\COMES\Embedded_LAB\2015\EmbeddedLab_HW_2014_4\EmbeddedLab_HW_2014_4.sdk\EmbeddedLab_SW_bsp\system.mss
 [Hsi 55-1559] Software Design already exists with Name D:\STELIOS\COMES\Embedded_LAB\2015\EmbeddedLab_HW_2014_4\EmbeddedLab_HW_2014_4.sdk\EmbeddedLab_SW_bsp\system.mss
10:09:29 WARN  :  [Hsi 55-1559] Software Design already exists with Name D:\STELIOS\COMES\Embedded_LAB\2015\EmbeddedLab_HW_2014_4\EmbeddedLab_HW_2014_4.sdk\EmbeddedLab_SW_bsp\system.mss
10:09:32 INFO  : Launching XSDB server: xsdb.bat -s C:/Xilinx/SDK/2014.4/scripts/xsdb/xsdb/xsdb-server.tcl 2450
10:31:20 INFO  : FPGA configured successfully with bitstream "C:/xilinx_sdk_andriak/EmbeddedLab_HW_2014_4.sdk/Arty_BD_wrapper_hw_platform_0/download.bit"
12:46:59 WARN  :  [Hsi 55-1559] Software Design already exists with Name D:\STELIOS\COMES\Embedded_LAB\2015\EmbeddedLab_HW_2014_4\EmbeddedLab_HW_2014_4.sdk\EmbeddedLab_SW_bsp\system.mss
12:46:59 WARN  :  [Hsi 55-1559] Software Design already exists with Name D:\STELIOS\COMES\Embedded_LAB\2015\EmbeddedLab_HW_2014_4\EmbeddedLab_HW_2014_4.sdk\EmbeddedLab_SW_bsp\system.mss
12:46:59 WARN  :  [Hsi 55-1559] Software Design already exists with Name D:\STELIOS\COMES\Embedded_LAB\2015\EmbeddedLab_HW_2014_4\EmbeddedLab_HW_2014_4.sdk\EmbeddedLab_SW_bsp\system.mss
12:46:59 WARN  :  [Hsi 55-1559] Software Design already exists with Name D:\STELIOS\COMES\Embedded_LAB\2015\EmbeddedLab_HW_2014_4\EmbeddedLab_HW_2014_4.sdk\EmbeddedLab_SW_bsp\system.mss
 [Hsi 55-1559] Software Design already exists with Name D:\STELIOS\COMES\Embedded_LAB\2015\EmbeddedLab_HW_2014_4\EmbeddedLab_HW_2014_4.sdk\EmbeddedLab_SW_bsp\system.mss
12:46:59 WARN  :  [Hsi 55-1559] Software Design already exists with Name D:\STELIOS\COMES\Embedded_LAB\2015\EmbeddedLab_HW_2014_4\EmbeddedLab_HW_2014_4.sdk\EmbeddedLab_SW_bsp\system.mss
12:46:59 WARN  :  [Hsi 55-1559] Software Design already exists with Name D:\STELIOS\COMES\Embedded_LAB\2015\EmbeddedLab_HW_2014_4\EmbeddedLab_HW_2014_4.sdk\EmbeddedLab_SW_bsp\system.mss
12:46:59 WARN  :  [Hsi 55-1559] Software Design already exists with Name D:\STELIOS\COMES\Embedded_LAB\2015\EmbeddedLab_HW_2014_4\EmbeddedLab_HW_2014_4.sdk\EmbeddedLab_SW_bsp\system.mss
12:46:59 WARN  :  [Hsi 55-1559] Software Design already exists with Name D:\STELIOS\COMES\Embedded_LAB\2015\EmbeddedLab_HW_2014_4\EmbeddedLab_HW_2014_4.sdk\EmbeddedLab_SW_bsp\system.mss
12:49:00 INFO  : microblaze_0 Processor is in use. Please stop existing Run or Debug sessions before launching.
13:27:48 INFO  : microblaze_0 Processor is in use. Please stop existing Run or Debug sessions before launching.
13:45:18 INFO  : microblaze_0 Processor is in use. Please stop existing Run or Debug sessions before launching.
13:46:13 INFO  : microblaze_0 Processor is in use. Please stop existing Run or Debug sessions before launching.
13:47:16 INFO  : microblaze_0 Processor is in use. Please stop existing Run or Debug sessions before launching.
13:47:55 INFO  : microblaze_0 Processor is in use. Please stop existing Run or Debug sessions before launching.
13:54:12 INFO  : microblaze_0 Processor is in use. Please stop existing Run or Debug sessions before launching.
13:55:01 INFO  : microblaze_0 Processor is in use. Please stop existing Run or Debug sessions before launching.
13:55:43 INFO  : microblaze_0 Processor is in use. Please stop existing Run or Debug sessions before launching.
14:04:59 ERROR : Unexpected error while parsing XMD response ?: com.google.gson.JsonSyntaxException: com.google.gson.stream.MalformedJsonException: invalid number or unquoted string near 
15:39:59 INFO  : Launching XSDB server: xsdb.bat -s C:/Xilinx/SDK/2014.4/scripts/xsdb/xsdb/xsdb-server.tcl 2450
20:58:29 INFO  : Launching XSDB server: xsdb.bat -s C:/Xilinx/SDK/2014.4/scripts/xsdb/xsdb/xsdb-server.tcl 2450
21:08:27 INFO  : Launching XSDB server: xsdb.bat -s C:/Xilinx/SDK/2014.4/scripts/xsdb/xsdb/xsdb-server.tcl 2450
21:26:28 INFO  : FPGA configured successfully with bitstream "C:/Users/Chris/Desktop/EmbeddedLab_HW_2014_4.sdk/Arty_BD_wrapper_hw_platform_0/download.bit"
22:03:54 WARN  :  [Hsi 55-1559] Software Design already exists with Name D:\STELIOS\COMES\Embedded_LAB\2015\EmbeddedLab_HW_2014_4\EmbeddedLab_HW_2014_4.sdk\EmbeddedLab_SW_bsp\system.mss
22:03:54 WARN  :  [Hsi 55-1559] Software Design already exists with Name D:\STELIOS\COMES\Embedded_LAB\2015\EmbeddedLab_HW_2014_4\EmbeddedLab_HW_2014_4.sdk\EmbeddedLab_SW_bsp\system.mss
22:03:54 WARN  :  [Hsi 55-1559] Software Design already exists with Name D:\STELIOS\COMES\Embedded_LAB\2015\EmbeddedLab_HW_2014_4\EmbeddedLab_HW_2014_4.sdk\EmbeddedLab_SW_bsp\system.mss
 [Hsi 55-1559] Software Design already exists with Name D:\STELIOS\COMES\Embedded_LAB\2015\EmbeddedLab_HW_2014_4\EmbeddedLab_HW_2014_4.sdk\EmbeddedLab_SW_bsp\system.mss
22:03:54 WARN  :  [Hsi 55-1559] Software Design already exists with Name D:\STELIOS\COMES\Embedded_LAB\2015\EmbeddedLab_HW_2014_4\EmbeddedLab_HW_2014_4.sdk\EmbeddedLab_SW_bsp\system.mss
22:03:54 WARN  :  [Hsi 55-1559] Software Design already exists with Name D:\STELIOS\COMES\Embedded_LAB\2015\EmbeddedLab_HW_2014_4\EmbeddedLab_HW_2014_4.sdk\EmbeddedLab_SW_bsp\system.mss
22:03:54 WARN  :  [Hsi 55-1559] Software Design already exists with Name D:\STELIOS\COMES\Embedded_LAB\2015\EmbeddedLab_HW_2014_4\EmbeddedLab_HW_2014_4.sdk\EmbeddedLab_SW_bsp\system.mss
22:03:54 WARN  :  [Hsi 55-1559] Software Design already exists with Name D:\STELIOS\COMES\Embedded_LAB\2015\EmbeddedLab_HW_2014_4\EmbeddedLab_HW_2014_4.sdk\EmbeddedLab_SW_bsp\system.mss
22:23:45 ERROR : Unexpected error while parsing XMD response ?: com.google.gson.JsonSyntaxException: com.google.gson.stream.MalformedJsonException: invalid number or unquoted string near 
21:45:31 INFO  : Launching XSDB server: xsdb.bat -s C:/Xilinx/SDK/2014.4/scripts/xsdb/xsdb/xsdb-server.tcl 2450
21:49:07 INFO  : Launching XSDB server: xsdb.bat -s C:/Xilinx/SDK/2014.4/scripts/xsdb/xsdb/xsdb-server.tcl 2450
11:17:00 INFO  : Launching XSDB server: xsdb.bat -s C:/Xilinx/SDK/2014.4/scripts/xsdb/xsdb/xsdb-server.tcl 2450
11:18:33 ERROR : Unexpected error while launching program.
java.lang.RuntimeException: Cannot perform the Debug Command, Current Processor State is "Running"

	at com.xilinx.sdk.targetmanager.internal.TM.downloadELF(TM.java:666)
	at com.xilinx.sdk.debug.core.internal.AppRunner.run(AppRunner.java:129)
	at com.xilinx.sdk.debug.core.XilinxAppLaunchConfigurationDelegate.runApplication(XilinxAppLaunchConfigurationDelegate.java:605)
	at com.xilinx.sdk.debug.core.XilinxAppLaunchConfigurationDelegate.launch(XilinxAppLaunchConfigurationDelegate.java:293)
	at com.xilinx.sdk.debug.ui.XilinxAppLaunchDelegateWrapper.launch(XilinxAppLaunchDelegateWrapper.java:31)
	at org.eclipse.debug.internal.core.LaunchConfiguration.launch(LaunchConfiguration.java:858)
	at org.eclipse.debug.internal.core.LaunchConfiguration.launch(LaunchConfiguration.java:707)
	at org.eclipse.debug.internal.ui.DebugUIPlugin.buildAndLaunch(DebugUIPlugin.java:1018)
	at org.eclipse.debug.internal.ui.DebugUIPlugin$8.run(DebugUIPlugin.java:1222)
	at org.eclipse.core.internal.jobs.Worker.run(Worker.java:53)
11:21:06 INFO  : FPGA configured successfully with bitstream "C:/Users/Chris/Desktop/EmbeddedLab_HW_2/Arty_BD_wrapper_hw_platform_0/download.bit"
11:23:15 INFO  : FPGA configured successfully with bitstream "C:/Users/Chris/Desktop/EmbeddedLab_HW_2/Arty_BD_wrapper_hw_platform_0/download.bit"
11:23:31 ERROR : Unexpected error while parsing XMD response ?: com.google.gson.JsonSyntaxException: com.google.gson.stream.MalformedJsonException: invalid number or unquoted string near 
11:23:50 INFO  : Launching XSDB server: xsdb.bat -s C:/Xilinx/SDK/2014.4/scripts/xsdb/xsdb/xsdb-server.tcl 2450
12:44:27 ERROR : Unexpected error while parsing XMD response ?: com.google.gson.JsonSyntaxException: com.google.gson.stream.MalformedJsonException: invalid number or unquoted string near 
16:26:40 INFO  : Launching XSDB server: xsdb.bat -s C:/Xilinx/SDK/2014.4/scripts/xsdb/xsdb/xsdb-server.tcl 2450
16:56:20 INFO  : Launching XSDB server: xsdb.bat -s C:/Xilinx/SDK/2014.4/scripts/xsdb/xsdb/xsdb-server.tcl 2450
17:29:26 INFO  : FPGA configured successfully with bitstream "C:/Users/Chris/Desktop/EmbeddedLab_HW_2/Arty_BD_wrapper_hw_platform_0/download.bit"
17:40:11 WARN  :  [Hsi 55-1559] Software Design already exists with Name D:\STELIOS\COMES\Embedded_LAB\2015\EmbeddedLab_HW_2014_4\EmbeddedLab_HW_2014_4.sdk\EmbeddedLab_SW_bsp\system.mss
17:40:11 WARN  :  [Hsi 55-1559] Software Design already exists with Name D:\STELIOS\COMES\Embedded_LAB\2015\EmbeddedLab_HW_2014_4\EmbeddedLab_HW_2014_4.sdk\EmbeddedLab_SW_bsp\system.mss
17:40:11 WARN  :  [Hsi 55-1559] Software Design already exists with Name D:\STELIOS\COMES\Embedded_LAB\2015\EmbeddedLab_HW_2014_4\EmbeddedLab_HW_2014_4.sdk\EmbeddedLab_SW_bsp\system.mss
 [Hsi 55-1559] Software Design already exists with Name D:\STELIOS\COMES\Embedded_LAB\2015\EmbeddedLab_HW_2014_4\EmbeddedLab_HW_2014_4.sdk\EmbeddedLab_SW_bsp\system.mss
17:40:11 WARN  :  [Hsi 55-1559] Software Design already exists with Name D:\STELIOS\COMES\Embedded_LAB\2015\EmbeddedLab_HW_2014_4\EmbeddedLab_HW_2014_4.sdk\EmbeddedLab_SW_bsp\system.mss
17:40:11 WARN  :  [Hsi 55-1559] Software Design already exists with Name D:\STELIOS\COMES\Embedded_LAB\2015\EmbeddedLab_HW_2014_4\EmbeddedLab_HW_2014_4.sdk\EmbeddedLab_SW_bsp\system.mss
17:40:11 WARN  :  [Hsi 55-1559] Software Design already exists with Name D:\STELIOS\COMES\Embedded_LAB\2015\EmbeddedLab_HW_2014_4\EmbeddedLab_HW_2014_4.sdk\EmbeddedLab_SW_bsp\system.mss
17:40:11 WARN  :  [Hsi 55-1559] Software Design already exists with Name D:\STELIOS\COMES\Embedded_LAB\2015\EmbeddedLab_HW_2014_4\EmbeddedLab_HW_2014_4.sdk\EmbeddedLab_SW_bsp\system.mss
18:13:09 INFO  : microblaze_0 Processor is in use. Please stop existing Run or Debug sessions before launching.
18:40:24 INFO  : microblaze_0 Processor is in use. Please stop existing Run or Debug sessions before launching.
18:40:42 INFO  : microblaze_0 Processor is in use. Please stop existing Run or Debug sessions before launching.
18:41:34 INFO  : microblaze_0 Processor is in use. Please stop existing Run or Debug sessions before launching.
18:42:55 INFO  : microblaze_0 Processor is in use. Please stop existing Run or Debug sessions before launching.
18:50:53 INFO  : microblaze_0 Processor is in use. Please stop existing Run or Debug sessions before launching.
19:47:49 INFO  : FPGA configured successfully with bitstream "C:/Users/Chris/Desktop/EmbeddedLab_HW_2/Arty_BD_wrapper_hw_platform_0/download.bit"
19:59:07 ERROR : Unexpected error while parsing XMD response ?: com.google.gson.JsonSyntaxException: com.google.gson.stream.MalformedJsonException: invalid number or unquoted string near 
11:23:43 INFO  : Launching XSDB server: xsdb.bat -s C:/Xilinx/SDK/2014.4/scripts/xsdb/xsdb/xsdb-server.tcl 2450
11:51:15 INFO  : FPGA configured successfully with bitstream "C:/Users/Chris/Desktop/EmbeddedLab_HW_2/Arty_BD_wrapper_hw_platform_0/download.bit"
12:11:34 ERROR : Unexpected error while parsing XMD response ?: com.google.gson.JsonSyntaxException: com.google.gson.stream.MalformedJsonException: invalid number or unquoted string near 
15:52:38 INFO  : Launching XSDB server: xsdb.bat -s C:/Xilinx/SDK/2014.4/scripts/xsdb/xsdb/xsdb-server.tcl 2450
16:21:10 INFO  : FPGA configured successfully with bitstream "C:/Users/Chris/Desktop/EmbeddedLab_HW_2/Arty_BD_wrapper_hw_platform_0/download.bit"
16:52:33 INFO  : microblaze_0 Processor is in use. Please stop existing Run or Debug sessions before launching.
16:55:33 INFO  : microblaze_0 Processor is in use. Please stop existing Run or Debug sessions before launching.
16:58:22 INFO  : microblaze_0 Processor is in use. Please stop existing Run or Debug sessions before launching.
16:59:09 INFO  : microblaze_0 Processor is in use. Please stop existing Run or Debug sessions before launching.
17:15:59 ERROR : Unexpected error while parsing XMD response ?: com.google.gson.JsonSyntaxException: com.google.gson.stream.MalformedJsonException: invalid number or unquoted string near 
09:49:49 INFO  : Launching XSDB server: xsdb.bat -s C:/Xilinx/SDK/2014.4/scripts/xsdb/xsdb/xsdb-server.tcl 2450
09:51:32 INFO  : FPGA configured successfully with bitstream "C:/xilinx_sdk_andriak/EmbeddedLab_HW_2/Arty_BD_wrapper_hw_platform_0/download.bit"
12:06:30 INFO  : microblaze_0 Processor is in use. Please stop existing Run or Debug sessions before launching.
12:14:06 INFO  : microblaze_0 Processor is in use. Please stop existing Run or Debug sessions before launching.
12:14:45 INFO  : FPGA configured successfully with bitstream "C:/xilinx_sdk_andriak/EmbeddedLab_HW_2/Arty_BD_wrapper_hw_platform_0/download.bit"
12:22:10 INFO  : microblaze_0 Processor is in use. Please stop existing Run or Debug sessions before launching.
12:31:34 INFO  : microblaze_0 Processor is in use. Please stop existing Run or Debug sessions before launching.
12:35:58 INFO  : microblaze_0 Processor is in use. Please stop existing Run or Debug sessions before launching.
12:59:30 ERROR : Unexpected error while parsing XMD response ?: com.google.gson.JsonSyntaxException: com.google.gson.stream.MalformedJsonException: invalid number or unquoted string near 
19:53:36 INFO  : Launching XSDB server: xsdb.bat -s C:/Xilinx/SDK/2014.4/scripts/xsdb/xsdb/xsdb-server.tcl 2450
19:56:20 INFO  : Launching XSDB server: xsdb.bat -s C:/Xilinx/SDK/2014.4/scripts/xsdb/xsdb/xsdb-server.tcl 2450
20:05:13 INFO  : FPGA configured successfully with bitstream "C:/Users/Chris/Desktop/EmbeddedLab_HW_2/Arty_BD_wrapper_hw_platform_0/download.bit"
20:24:27 INFO  : microblaze_0 Processor is in use. Please stop existing Run or Debug sessions before launching.
20:42:15 INFO  : microblaze_0 Processor is in use. Please stop existing Run or Debug sessions before launching.
22:03:12 INFO  : microblaze_0 Processor is in use. Please stop existing Run or Debug sessions before launching.
22:05:53 INFO  : microblaze_0 Processor is in use. Please stop existing Run or Debug sessions before launching.
22:08:01 ERROR : Unexpected error while parsing XMD response ?: com.google.gson.JsonSyntaxException: com.google.gson.stream.MalformedJsonException: invalid number or unquoted string near 
11:27:03 INFO  : Launching XSDB server: xsdb.bat -s C:/Xilinx/SDK/2014.4/scripts/xsdb/xsdb/xsdb-server.tcl 2450
11:19:52 INFO  : Launching XSDB server: xsdb.bat -s C:/Xilinx/SDK/2014.4/scripts/xsdb/xsdb/xsdb-server.tcl 2450
11:21:20 INFO  : Launching XSDB server: xsdb.bat -s C:/Xilinx/SDK/2014.4/scripts/xsdb/xsdb/xsdb-server.tcl 2450
12:38:34 INFO  : microblaze_0 Processor is in use. Please stop existing Run or Debug sessions before launching.
14:48:44 ERROR : Unexpected error while parsing XMD response ?: com.google.gson.JsonSyntaxException: com.google.gson.stream.MalformedJsonException: invalid number or unquoted string near 
16:00:18 INFO  : Launching XSDB server: xsdb.bat -s C:/Xilinx/SDK/2014.4/scripts/xsdb/xsdb/xsdb-server.tcl 2450
16:13:47 INFO  : FPGA configured successfully with bitstream "C:/Users/Chris/Desktop/EmbeddedLab_HW_char_generator/Arty_BD_wrapper_hw_platform_0/download.bit"
16:39:18 ERROR : Unexpected error while parsing XMD response ?: com.google.gson.JsonSyntaxException: com.google.gson.stream.MalformedJsonException: invalid number or unquoted string near 
17:18:37 INFO  : Launching XSDB server: xsdb.bat -s C:/Xilinx/SDK/2014.4/scripts/xsdb/xsdb/xsdb-server.tcl 2450
17:37:47 INFO  : microblaze_0 Processor is in use. Please stop existing Run or Debug sessions before launching.
17:39:51 ERROR : Unexpected error while parsing XMD response ?: com.google.gson.JsonSyntaxException: com.google.gson.stream.MalformedJsonException: invalid number or unquoted string near 
20:44:49 INFO  : Launching XSDB server: xsdb.bat -s C:/Xilinx/SDK/2014.4/scripts/xsdb/xsdb/xsdb-server.tcl 2450
20:53:16 ERROR : Unexpected error while parsing XMD response ?: com.google.gson.JsonSyntaxException: com.google.gson.stream.MalformedJsonException: invalid number or unquoted string near 
20:53:39 INFO  : Launching XSDB server: xsdb.bat -s C:/Xilinx/SDK/2014.4/scripts/xsdb/xsdb/xsdb-server.tcl 2450
20:54:15 INFO  : FPGA configured successfully with bitstream "C:/Users/Chris/Desktop/EmbeddedLab_HW_char_generator/Arty_BD_wrapper_hw_platform_0/download.bit"
21:14:47 ERROR : Unexpected error while parsing XMD response ?: com.google.gson.JsonSyntaxException: com.google.gson.stream.MalformedJsonException: invalid number or unquoted string near 
10:37:34 INFO  : Launching XSDB server: xsdb.bat -s C:/Xilinx/SDK/2014.4/scripts/xsdb/xsdb/xsdb-server.tcl 2450
10:40:02 INFO  : FPGA configured successfully with bitstream "C:/Users/Chris/Desktop/EmbeddedLab_HW_HFC_CHAR_GEN/Arty_BD_wrapper_hw_platform_0/download.bit"
18:13:22 ERROR : Unexpected error while parsing XMD response ?: com.google.gson.JsonSyntaxException: com.google.gson.stream.MalformedJsonException: invalid number or unquoted string near 
14:26:37 INFO  : Launching XSDB server: xsdb.bat -s C:/Xilinx/SDK/2014.4/scripts/xsdb/xsdb/xsdb-server.tcl 2450
11:29:16 INFO  : Launching XSDB server: xsdb.bat -s C:/Xilinx/SDK/2014.4/scripts/xsdb/xsdb/xsdb-server.tcl 2450
11:40:44 INFO  : FPGA configured successfully with bitstream "C:/Users/Chris/Desktop/EmbeddedLab_HW_HFC_CHAR_GEN/Arty_BD_wrapper_hw_platform_0/download.bit"
11:58:46 ERROR : Unexpected error while parsing XMD response ?: com.google.gson.JsonSyntaxException: com.google.gson.stream.MalformedJsonException: invalid number or unquoted string near 
20:23:47 INFO  : Launching XSDB server: xsdb.bat -s C:/Xilinx/SDK/2014.4/scripts/xsdb/xsdb/xsdb-server.tcl 2450
10:23:12 INFO  : Launching XSDB server: xsdb.bat -s C:/Xilinx/SDK/2014.4/scripts/xsdb/xsdb/xsdb-server.tcl 2450
10:34:09 INFO  : FPGA configured successfully with bitstream "C:/Users/Chris/Desktop/EmbeddedLab_HW_HFC_CHAR_GEN/Arty_BD_wrapper_hw_platform_0/download.bit"
16:07:24 INFO  : FPGA configured successfully with bitstream "C:/Users/Chris/Desktop/EmbeddedLab_HW_HFC_CHAR_GEN/Arty_BD_wrapper_hw_platform_0/download.bit"
16:33:41 ERROR : Unexpected error while parsing XMD response ?: com.google.gson.JsonSyntaxException: com.google.gson.stream.MalformedJsonException: invalid number or unquoted string near 
22:31:14 INFO  : Launching XSDB server: xsdb.bat -s C:/Xilinx/SDK/2014.4/scripts/xsdb/xsdb/xsdb-server.tcl 2450
22:41:14 INFO  : FPGA configured successfully with bitstream "C:/Users/Chris/Desktop/EmbeddedLab_HW_HFC_CHAR_GEN/Arty_BD_wrapper_hw_platform_0/download.bit"
23:55:52 ERROR : Unexpected error while parsing XMD response ?: com.google.gson.JsonSyntaxException: com.google.gson.stream.MalformedJsonException: invalid number or unquoted string near 
11:26:57 INFO  : Launching XSDB server: xsdb.bat -s C:/Xilinx/SDK/2014.4/scripts/xsdb/xsdb/xsdb-server.tcl 2450
11:33:49 INFO  : FPGA configured successfully with bitstream "C:/Users/Chris/Desktop/EmbeddedLab_HW_HFC_CHAR_GEN/Arty_BD_wrapper_hw_platform_0/download.bit"
11:43:38 ERROR : Unexpected error while parsing XMD response ?: com.google.gson.JsonSyntaxException: com.google.gson.stream.MalformedJsonException: invalid number or unquoted string near 
18:11:44 INFO  : Launching XSDB server: xsdb.bat -s C:/Xilinx/SDK/2014.4/scripts/xsdb/xsdb/xsdb-server.tcl 2450
18:42:18 INFO  : Launching XSDB server: xsdb.bat -s C:/Xilinx/SDK/2014.4/scripts/xsdb/xsdb/xsdb-server.tcl 2450
19:21:45 INFO  : FPGA configured successfully with bitstream "C:/Users/Chris/Desktop/EmbeddedLab_HW_HFC_loop/Arty_BD_wrapper_hw_platform_0/download.bit"
20:02:45 ERROR : Unexpected error while parsing XMD response ?: com.google.gson.JsonSyntaxException: com.google.gson.stream.MalformedJsonException: invalid number or unquoted string near 
10:06:40 INFO  : Launching XSDB server: xsdb.bat -s C:/Xilinx/SDK/2014.4/scripts/xsdb/xsdb/xsdb-server.tcl 2450
10:23:20 INFO  : FPGA configured successfully with bitstream "C:/Users/Chris/Desktop/EmbeddedLab_HW_HFC_noHFC/Arty_BD_wrapper_hw_platform_0/download.bit"
14:57:27 ERROR : Unexpected error while parsing XMD response ?: com.google.gson.JsonSyntaxException: com.google.gson.stream.MalformedJsonException: invalid number or unquoted string near 
14:35:00 INFO  : Launching XSDB server: xsdb.bat -s C:/Xilinx/SDK/2014.4/scripts/xsdb/xsdb/xsdb-server.tcl 2450
14:40:07 INFO  : FPGA configured successfully with bitstream "C:/Users/Chris/Desktop/EmbeddedLab_HW_HFC_noHFC/Arty_BD_wrapper_hw_platform_0/download.bit"
15:28:56 ERROR : Unexpected error while parsing XMD response ?: com.google.gson.JsonSyntaxException: com.google.gson.stream.MalformedJsonException: invalid number or unquoted string near 
15:42:35 INFO  : Launching XSDB server: xsdb.bat -s C:/Xilinx/SDK/2014.4/scripts/xsdb/xsdb/xsdb-server.tcl 2450
15:43:52 INFO  : FPGA configured successfully with bitstream "C:/Users/Chris/Desktop/EmbeddedLab_HW_HFC_noHFC/Arty_BD_wrapper_hw_platform_0/download.bit"
19:01:38 INFO  : microblaze_0 Processor is in use. Please stop existing Run or Debug sessions before launching.
20:40:27 ERROR : Unexpected error while parsing XMD response ?: com.google.gson.JsonSyntaxException: com.google.gson.stream.MalformedJsonException: invalid number or unquoted string near 
17:13:39 INFO  : Launching XSDB server: xsdb.bat -s C:/Xilinx/SDK/2014.4/scripts/xsdb/xsdb/xsdb-server.tcl 2450
17:47:03 INFO  : FPGA configured successfully with bitstream "C:/Users/Chris/Desktop/EmbeddedLab_HW_HFC_noHFC/Arty_BD_wrapper_hw_platform_0/download.bit"
18:20:06 ERROR : Unexpected error while launching program.
java.lang.RuntimeException: The program file specified in the launch configuration does not exist
	at com.xilinx.sdk.debug.core.XilinxAppLaunchConfigurationDelegate.runApplication(XilinxAppLaunchConfigurationDelegate.java:548)
	at com.xilinx.sdk.debug.core.XilinxAppLaunchConfigurationDelegate.launch(XilinxAppLaunchConfigurationDelegate.java:293)
	at com.xilinx.sdk.debug.ui.XilinxAppLaunchDelegateWrapper.launch(XilinxAppLaunchDelegateWrapper.java:31)
	at org.eclipse.debug.internal.core.LaunchConfiguration.launch(LaunchConfiguration.java:858)
	at org.eclipse.debug.internal.core.LaunchConfiguration.launch(LaunchConfiguration.java:707)
	at org.eclipse.debug.internal.ui.DebugUIPlugin.buildAndLaunch(DebugUIPlugin.java:1018)
	at org.eclipse.debug.internal.ui.DebugUIPlugin$8.run(DebugUIPlugin.java:1222)
	at org.eclipse.core.internal.jobs.Worker.run(Worker.java:53)
18:28:09 ERROR : Unexpected error while parsing XMD response ?: com.google.gson.JsonSyntaxException: com.google.gson.stream.MalformedJsonException: invalid number or unquoted string near 
11:16:39 INFO  : Launching XSDB server: xsdb.bat -s C:/Xilinx/SDK/2014.4/scripts/xsdb/xsdb/xsdb-server.tcl 2450
12:16:41 INFO  : FPGA configured successfully with bitstream "C:/Users/Chris/Desktop/EmbeddedLab_HW_HFC_noHFC/Arty_BD_wrapper_hw_platform_0/download.bit"
12:57:43 ERROR : Unexpected error while parsing XMD response ?: com.google.gson.JsonSyntaxException: com.google.gson.stream.MalformedJsonException: invalid number or unquoted string near 
10:17:15 INFO  : Launching XSDB server: xsdb.bat -s C:/Xilinx/SDK/2014.4/scripts/xsdb/xsdb/xsdb-server.tcl 2450
10:29:34 INFO  : FPGA configured successfully with bitstream "C:/Users/Chris/Desktop/EmbeddedLab_HW-FINAL_v1/Arty_BD_wrapper_hw_platform_0/download.bit"
14:03:23 ERROR : Unexpected error while parsing XMD response ?: com.google.gson.JsonSyntaxException: com.google.gson.stream.MalformedJsonException: invalid number or unquoted string near 
10:03:17 INFO  : Launching XSDB server: xsdb.bat -s C:/Xilinx/SDK/2014.4/scripts/xsdb/xsdb/xsdb-server.tcl 2450
11:07:59 INFO  : FPGA configured successfully with bitstream "C:/Users/Chris/Desktop/EmbeddedLab_HW-FINAL_v1/Arty_BD_wrapper_hw_platform_0/download.bit"
11:28:55 INFO  : Launching XSDB server: xsdb.bat -s C:/Xilinx/SDK/2014.4/scripts/xsdb/xsdb/xsdb-server.tcl 2450
11:30:39 INFO  : FPGA configured successfully with bitstream "C:/Users/Chris/Desktop/EmbeddedLab_HW-FINAL_v1/Arty_BD_wrapper_hw_platform_0/download.bit"
13:29:31 ERROR : Unexpected error while fetching XMD's response: 
java.net.SocketException: Connection reset
	at java.net.SocketInputStream.read(Unknown Source)
	at java.net.SocketInputStream.read(Unknown Source)
	at sun.nio.cs.StreamDecoder.readBytes(Unknown Source)
	at sun.nio.cs.StreamDecoder.implRead(Unknown Source)
	at sun.nio.cs.StreamDecoder.read(Unknown Source)
	at java.io.InputStreamReader.read(Unknown Source)
	at java.io.BufferedReader.fill(Unknown Source)
	at java.io.BufferedReader.read(Unknown Source)
	at com.xilinx.sdk.targetmanager.internal.json.XMDJSONProcess$CommandResultsReader.run(XMDJSONProcess.java:332)
	at java.lang.Thread.run(Unknown Source)
13:29:31 ERROR : Zero sized response read from XMD. This indicates a communication error or a programming error.
13:35:37 INFO  : Launching XSDB server: xsdb.bat -s C:/Xilinx/SDK/2014.4/scripts/xsdb/xsdb/xsdb-server.tcl 2450
13:52:25 ERROR : Unexpected error while parsing XMD response ?: com.google.gson.JsonSyntaxException: com.google.gson.stream.MalformedJsonException: invalid number or unquoted string near 
18:16:03 INFO  : Launching XSDB server: xsdb.bat -s C:/Xilinx/SDK/2014.4/scripts/xsdb/xsdb/xsdb-server.tcl 2450
18:36:27 INFO  : FPGA configured successfully with bitstream "C:/Users/Chris/Desktop/EmbeddedLab_HW-FINAL_v1/Arty_BD_wrapper_hw_platform_0/download.bit"
20:45:49 INFO  : FPGA configured successfully with bitstream "C:/Users/Chris/Desktop/EmbeddedLab_HW-FINAL_v1/Arty_BD_wrapper_hw_platform_0/download.bit"
00:24:25 ERROR : Unexpected error while parsing XMD response ?: com.google.gson.JsonSyntaxException: com.google.gson.stream.MalformedJsonException: invalid number or unquoted string near 
08:09:07 INFO  : Launching XSDB server: xsdb.bat -s C:/Xilinx/SDK/2014.4/scripts/xsdb/xsdb/xsdb-server.tcl 2450
08:39:10 INFO  : Launching XSDB server: xsdb.bat -s C:/Xilinx/SDK/2014.4/scripts/xsdb/xsdb/xsdb-server.tcl 2450
09:11:30 INFO  : Launching XSDB server: xsdb.bat -s C:/Xilinx/SDK/2014.4/scripts/xsdb/xsdb/xsdb-server.tcl 2450
10:04:28 INFO  : Launching XSDB server: xsdb.bat -s C:/Xilinx/SDK/2014.4/scripts/xsdb/xsdb/xsdb-server.tcl 2450
11:29:37 INFO  : Launching XSDB server: xsdb.bat -s C:/Xilinx/SDK/2014.4/scripts/xsdb/xsdb/xsdb-server.tcl 2450
14:44:43 INFO  : Launching XSDB server: xsdb.bat -s C:/Xilinx/SDK/2014.4/scripts/xsdb/xsdb/xsdb-server.tcl 2450
11:01:31 INFO  : Launching XSDB server: xsdb.bat -s C:/Xilinx/SDK/2014.4/scripts/xsdb/xsdb/xsdb-server.tcl 2450
15:46:32 INFO  : Launching XSDB server: xsdb.bat -s C:/Xilinx/SDK/2014.4/scripts/xsdb/xsdb/xsdb-server.tcl 2450
10:16:37 INFO  : Launching XSDB server: xsdb.bat -s C:/Xilinx/SDK/2014.4/scripts/xsdb/xsdb/xsdb-server.tcl 2450
14:42:14 INFO  : Launching XSDB server: xsdb.bat -s C:/Xilinx/SDK/2014.4/scripts/xsdb/xsdb/xsdb-server.tcl 2450
22:08:11 INFO  : Launching XSDB server: xsdb.bat -s C:/Xilinx/SDK/2014.4/scripts/xsdb/xsdb/xsdb-server.tcl 2450
22:27:55 INFO  : FPGA configured successfully with bitstream "C:/Users/chris/Desktop/EmbeddedLab_HW-FINAL_v2/Arty_BD_wrapper_hw_platform_0/download.bit"
22:30:59 INFO  : FPGA configured successfully with bitstream "C:/Users/chris/Desktop/EmbeddedLab_HW-FINAL_v2/Arty_BD_wrapper_hw_platform_0/download.bit"
22:43:19 INFO  : FPGA configured successfully with bitstream "C:/Users/chris/Desktop/EmbeddedLab_HW-FINAL_v2/Arty_BD_wrapper_hw_platform_0/download.bit"
22:47:46 INFO  : FPGA configured successfully with bitstream "C:/Users/chris/Desktop/EmbeddedLab_HW-FINAL_v2/Arty_BD_wrapper_hw_platform_0/download.bit"
22:54:41 INFO  : FPGA configured successfully with bitstream "C:/Users/chris/Desktop/EmbeddedLab_HW-FINAL_v2/Arty_BD_wrapper_hw_platform_0/download.bit"
22:57:58 INFO  : FPGA configured successfully with bitstream "C:/Users/chris/Desktop/EmbeddedLab_HW-FINAL_v2/Arty_BD_wrapper_hw_platform_0/download.bit"
23:03:48 INFO  : FPGA configured successfully with bitstream "C:/Users/chris/Desktop/EmbeddedLab_HW-FINAL_v2/Arty_BD_wrapper_hw_platform_0/download.bit"
23:06:05 ERROR : Unexpected error while parsing XMD response ?: com.google.gson.JsonSyntaxException: com.google.gson.stream.MalformedJsonException: invalid number or unquoted string near 
23:46:51 INFO  : Launching XSDB server: xsdb.bat -s C:/Xilinx/SDK/2014.4/scripts/xsdb/xsdb/xsdb-server.tcl 2450
00:22:12 WARN  : Terminating existing sessions on processor microblaze_0
00:22:14 INFO  : FPGA configured successfully with bitstream "C:/Users/chris/Desktop/EmbeddedLab_HW-FINAL_v2/Arty_BD_wrapper_hw_platform_0/download.bit"
00:29:59 ERROR : Unexpected error while parsing XMD response ?: com.google.gson.JsonSyntaxException: com.google.gson.stream.MalformedJsonException: invalid number or unquoted string near 
11:24:18 INFO  : Launching XSDB server: xsdb.bat -s C:/Xilinx/SDK/2014.4/scripts/xsdb/xsdb/xsdb-server.tcl 2450
12:09:45 INFO  : Launching XSDB server: xsdb.bat -s C:/Xilinx/SDK/2014.4/scripts/xsdb/xsdb/xsdb-server.tcl 2450
12:18:54 INFO  : FPGA configured successfully with bitstream "C:/Users/chris/Desktop/EmbeddedLab_HW-FINAL_v2/Arty_BD_wrapper_hw_platform_0/download.bit"
13:33:36 INFO  : FPGA configured successfully with bitstream "C:/Users/chris/Desktop/EmbeddedLab_HW-FINAL_v2/Arty_BD_wrapper_hw_platform_0/download.bit"
13:38:46 ERROR : Unexpected error while parsing XMD response ?: com.google.gson.JsonSyntaxException: com.google.gson.stream.MalformedJsonException: invalid number or unquoted string near 
15:10:24 INFO  : Launching XSDB server: xsdb.bat -s C:/Xilinx/SDK/2014.4/scripts/xsdb/xsdb/xsdb-server.tcl 2450
15:26:19 INFO  : FPGA configured successfully with bitstream "C:/Users/chris/Desktop/EmbeddedLab_HW-FINAL_v2/Arty_BD_wrapper_hw_platform_0/download.bit"
16:48:20 INFO  : FPGA configured successfully with bitstream "C:/Users/chris/Desktop/EmbeddedLab_HW-FINAL_v2/Arty_BD_wrapper_hw_platform_0/download.bit"
18:09:28 INFO  : FPGA configured successfully with bitstream "C:/Users/chris/Desktop/EmbeddedLab_HW-FINAL_v2/Arty_BD_wrapper_hw_platform_0/download.bit"
18:31:26 ERROR : Unexpected error while parsing XMD response ?: com.google.gson.JsonSyntaxException: com.google.gson.stream.MalformedJsonException: invalid number or unquoted string near 
20:54:51 INFO  : Launching XSDB server: xsdb.bat -s C:/Xilinx/SDK/2014.4/scripts/xsdb/xsdb/xsdb-server.tcl 2450
20:58:58 INFO  : FPGA configured successfully with bitstream "C:/Users/chris/Desktop/EmbeddedLab_HW-FINAL_v2/Arty_BD_wrapper_hw_platform_0/download.bit"
22:35:11 INFO  : microblaze_0 Processor is in use. Please stop existing Run or Debug sessions before launching.
00:47:57 INFO  : FPGA configured successfully with bitstream "C:/Users/chris/Desktop/EmbeddedLab_HW-FINAL_v2/Arty_BD_wrapper_hw_platform_0/download.bit"
11:17:07 INFO  : FPGA configured successfully with bitstream "C:/Users/chris/Desktop/EmbeddedLab_HW-FINAL_v2/Arty_BD_wrapper_hw_platform_0/download.bit"
11:55:59 INFO  : microblaze_0 Processor is in use. Please stop existing Run or Debug sessions before launching.
11:57:39 INFO  : microblaze_0 Processor is in use. Please stop existing Run or Debug sessions before launching.
11:57:49 INFO  : microblaze_0 Processor is in use. Please stop existing Run or Debug sessions before launching.
12:10:57 INFO  : microblaze_0 Processor is in use. Please stop existing Run or Debug sessions before launching.
12:19:42 INFO  : microblaze_0 Processor is in use. Please stop existing Run or Debug sessions before launching.
12:21:54 INFO  : microblaze_0 Processor is in use. Please stop existing Run or Debug sessions before launching.
13:54:14 INFO  : microblaze_0 Processor is in use. Please stop existing Run or Debug sessions before launching.
13:55:26 INFO  : FPGA configured successfully with bitstream "C:/Users/chris/Desktop/EmbeddedLab_HW-FINAL_v2/Arty_BD_wrapper_hw_platform_0/download.bit"
14:29:04 ERROR : Unexpected error while parsing XMD response ?: com.google.gson.JsonSyntaxException: com.google.gson.stream.MalformedJsonException: invalid number or unquoted string near 
14:31:55 INFO  : Launching XSDB server: xsdb.bat -s C:/Xilinx/SDK/2014.4/scripts/xsdb/xsdb/xsdb-server.tcl 2450
14:34:18 INFO  : FPGA configured successfully with bitstream "C:/Users/chris/Desktop/EmbeddedLab_HW-FINAL_v2/Arty_BD_wrapper_hw_platform_0/download.bit"
15:43:13 INFO  : microblaze_0 Processor is in use. Please stop existing Run or Debug sessions before launching.
17:05:48 INFO  : microblaze_0 Processor is in use. Please stop existing Run or Debug sessions before launching.
17:31:00 WARN  :  [Hsi 55-1559] Software Design already exists with Name D:\STELIOS\COMES\Embedded_LAB\2015\EmbeddedLab_HW_2014_4\EmbeddedLab_HW_2014_4.sdk\EmbeddedLab_SW_bsp\system.mss
17:31:00 WARN  :  [Hsi 55-1559] Software Design already exists with Name D:\STELIOS\COMES\Embedded_LAB\2015\EmbeddedLab_HW_2014_4\EmbeddedLab_HW_2014_4.sdk\EmbeddedLab_SW_bsp\system.mss
17:31:00 WARN  :  [Hsi 55-1559] Software Design already exists with Name D:\STELIOS\COMES\Embedded_LAB\2015\EmbeddedLab_HW_2014_4\EmbeddedLab_HW_2014_4.sdk\EmbeddedLab_SW_bsp\system.mss
 [Hsi 55-1559] Software Design already exists with Name D:\STELIOS\COMES\Embedded_LAB\2015\EmbeddedLab_HW_2014_4\EmbeddedLab_HW_2014_4.sdk\EmbeddedLab_SW_bsp\system.mss
17:31:00 WARN  :  [Hsi 55-1559] Software Design already exists with Name D:\STELIOS\COMES\Embedded_LAB\2015\EmbeddedLab_HW_2014_4\EmbeddedLab_HW_2014_4.sdk\EmbeddedLab_SW_bsp\system.mss
17:31:00 WARN  :  [Hsi 55-1559] Software Design already exists with Name D:\STELIOS\COMES\Embedded_LAB\2015\EmbeddedLab_HW_2014_4\EmbeddedLab_HW_2014_4.sdk\EmbeddedLab_SW_bsp\system.mss
17:31:00 WARN  :  [Hsi 55-1559] Software Design already exists with Name D:\STELIOS\COMES\Embedded_LAB\2015\EmbeddedLab_HW_2014_4\EmbeddedLab_HW_2014_4.sdk\EmbeddedLab_SW_bsp\system.mss
17:31:00 WARN  :  [Hsi 55-1559] Software Design already exists with Name D:\STELIOS\COMES\Embedded_LAB\2015\EmbeddedLab_HW_2014_4\EmbeddedLab_HW_2014_4.sdk\EmbeddedLab_SW_bsp\system.mss
17:54:56 INFO  : microblaze_0 Processor is in use. Please stop existing Run or Debug sessions before launching.
18:12:21 ERROR : Unexpected error while parsing XMD response ?: com.google.gson.JsonSyntaxException: com.google.gson.stream.MalformedJsonException: invalid number or unquoted string near 
09:20:33 INFO  : Launching XSDB server: xsdb.bat -s C:/Xilinx/SDK/2014.4/scripts/xsdb/xsdb/xsdb-server.tcl 2450
21:12:23 INFO  : microblaze_0 Processor is in use. Please stop existing Run or Debug sessions before launching.
21:13:27 INFO  : FPGA configured successfully with bitstream "C:/Users/chris/Desktop/EmbeddedLab_HW-FINAL_v2/Arty_BD_wrapper_hw_platform_0/download.bit"
22:26:49 ERROR : Unexpected error while parsing XMD response ?: com.google.gson.JsonSyntaxException: com.google.gson.stream.MalformedJsonException: invalid number or unquoted string near 
22:28:01 INFO  : Launching XSDB server: xsdb.bat -s C:/Xilinx/SDK/2014.4/scripts/xsdb/xsdb/xsdb-server.tcl 2450
23:36:48 INFO  : Launching XSDB server: xsdb.bat -s C:/Xilinx/SDK/2014.4/scripts/xsdb/xsdb/xsdb-server.tcl 2450
23:40:38 INFO  : FPGA configured successfully with bitstream "C:/Users/chris/Desktop/EmbeddedLab_HW-FINAL_v3/Arty_BD_wrapper_hw_platform_0/download.bit"
09:23:22 INFO  : FPGA configured successfully with bitstream "C:/Users/chris/Desktop/EmbeddedLab_HW-FINAL_v3/Arty_BD_wrapper_hw_platform_0/download.bit"
09:57:27 ERROR : Unexpected error while parsing XMD response ?: com.google.gson.JsonSyntaxException: com.google.gson.stream.MalformedJsonException: invalid number or unquoted string near 
10:06:57 INFO  : Launching XSDB server: xsdb.bat -s C:/Xilinx/SDK/2014.4/scripts/xsdb/xsdb/xsdb-server.tcl 2450
11:55:52 INFO  : microblaze_0 Processor is in use. Please stop existing Run or Debug sessions before launching.
13:09:22 INFO  : FPGA configured successfully with bitstream "C:/Users/chris/Desktop/EmbeddedLab_HW-FINAL_v3/Arty_BD_wrapper_hw_platform_0/download.bit"
13:37:12 INFO  : microblaze_0 Processor is in use. Please stop existing Run or Debug sessions before launching.
13:47:28 INFO  : FPGA configured successfully with bitstream "C:/Users/chris/Desktop/EmbeddedLab_HW-FINAL_v3/Arty_BD_wrapper_hw_platform_0/download.bit"
14:37:01 INFO  : microblaze_0 Processor is in use. Please stop existing Run or Debug sessions before launching.
14:40:47 INFO  : microblaze_0 Processor is in use. Please stop existing Run or Debug sessions before launching.
14:43:15 INFO  : FPGA configured successfully with bitstream "C:/Users/chris/Desktop/EmbeddedLab_HW-FINAL_v3/Arty_BD_wrapper_hw_platform_0/download.bit"
14:50:32 INFO  : microblaze_0 Processor is in use. Please stop existing Run or Debug sessions before launching.
15:04:09 ERROR : Unexpected error while parsing XMD response ?: com.google.gson.JsonSyntaxException: com.google.gson.stream.MalformedJsonException: invalid number or unquoted string near 
